2026-04-06 10:59:36,814 - INFO - Before doing Train Categorical to numerical : Index(['customerID', 'gender', 'Partner', 'Dependents', 'PhoneService',
       'MultipleLines', 'InternetService', 'OnlineSecurity', 'OnlineBackup',
       'DeviceProtection', 'TechSupport', 'StreamingTV', 'StreamingMovies',
       'Contract', 'PaperlessBilling', 'PaymentMethod', 'Sim'],
      dtype='object') 
 : and its shape (5634, 17)
2026-04-06 10:59:36,815 - INFO - Before doing Test Categorical to numerical : Index(['customerID', 'gender', 'Partner', 'Dependents', 'PhoneService',
       'MultipleLines', 'InternetService', 'OnlineSecurity', 'OnlineBackup',
       'DeviceProtection', 'TechSupport', 'StreamingTV', 'StreamingMovies',
       'Contract', 'PaperlessBilling', 'PaymentMethod', 'Sim'],
      dtype='object') 
 : and its shape (1409, 17)
2026-04-06 10:59:36,816 - INFO - ============= Applying the nominal encoder(OneHotEncoder) ========================= 
2026-04-06 10:59:36,816 - INFO -  Columns are gender Partner Dependents
2026-04-06 10:59:36,826 - INFO - Before doing Train Categorical to numerical : Index(['PhoneService', 'MultipleLines', 'InternetService', 'OnlineSecurity',
       'OnlineBackup', 'DeviceProtection', 'TechSupport', 'StreamingTV',
       'StreamingMovies', 'Contract', 'PaperlessBilling', 'PaymentMethod',
       'Sim', 'gender_Male', 'Partner_Yes', 'Dependents_Yes'],
      dtype='object') 
 : and its shape (5634, 16)
2026-04-06 10:59:36,826 - INFO - Before doing Test Categorical to numerical : Index(['PhoneService', 'MultipleLines', 'InternetService', 'OnlineSecurity',
       'OnlineBackup', 'DeviceProtection', 'TechSupport', 'StreamingTV',
       'StreamingMovies', 'Contract', 'PaperlessBilling', 'PaymentMethod',
       'Sim', 'gender_Male', 'Partner_Yes', 'Dependents_Yes'],
      dtype='object') 
 : and its shape (1409, 16)
2026-04-06 10:59:36,826 - INFO - ====================  OrdinalEncoder  =======================
2026-04-06 10:59:36,853 - INFO - After Odinal X_train_cat Column : (5634, 16) : 
 : Index(['gender_Male', 'Partner_Yes', 'Dependents_Yes', 'PhoneService_ordinal',
       'MultipleLines_ordinal', 'InternetService_ordinal',
       'OnlineSecurity_ordinal', 'OnlineBackup_ordinal',
       'DeviceProtection_ordinal', 'TechSupport_ordinal',
       'StreamingTV_ordinal', 'StreamingMovies_ordinal', 'Contract_ordinal',
       'PaperlessBilling_ordinal', 'PaymentMethod_ordinal', 'Sim_ordinal'],
      dtype='object')
2026-04-06 10:59:36,853 - INFO - After Odinal X_test_cat Column : (1409, 16) : 
 : Index(['gender_Male', 'Partner_Yes', 'Dependents_Yes', 'PhoneService_ordinal',
       'MultipleLines_ordinal', 'InternetService_ordinal',
       'OnlineSecurity_ordinal', 'OnlineBackup_ordinal',
       'DeviceProtection_ordinal', 'TechSupport_ordinal',
       'StreamingTV_ordinal', 'StreamingMovies_ordinal', 'Contract_ordinal',
       'PaperlessBilling_ordinal', 'PaymentMethod_ordinal', 'Sim_ordinal'],
      dtype='object')
