2026-04-06 10:59:36,752 - INFO - Before replacing Train null values : customerID           0
gender               0
SeniorCitizen        0
Partner              0
Dependents           0
tenure               0
PhoneService         0
MultipleLines        0
InternetService      0
OnlineSecurity       0
OnlineBackup         0
DeviceProtection     0
TechSupport          0
StreamingTV          0
StreamingMovies      0
Contract             0
PaperlessBilling     0
PaymentMethod        0
MonthlyCharges       0
TotalCharges        11
Sim                  0
dtype: int64
2026-04-06 10:59:36,754 - INFO - Before replacing Test null values : customerID          0
gender              0
SeniorCitizen       0
Partner             0
Dependents          0
tenure              0
PhoneService        0
MultipleLines       0
InternetService     0
OnlineSecurity      0
OnlineBackup        0
DeviceProtection    0
TechSupport         0
StreamingTV         0
StreamingMovies     0
Contract            0
PaperlessBilling    0
PaymentMethod       0
MonthlyCharges      0
TotalCharges        0
Sim                 0
dtype: int64
2026-04-06 10:59:36,754 - INFO - Before replacing Train column shape (5634, 21)
2026-04-06 10:59:36,754 - INFO - Before replacing Train column shape Index(['customerID', 'gender', 'SeniorCitizen', 'Partner', 'Dependents',
       'tenure', 'PhoneService', 'MultipleLines', 'InternetService',
       'OnlineSecurity', 'OnlineBackup', 'DeviceProtection', 'TechSupport',
       'StreamingTV', 'StreamingMovies', 'Contract', 'PaperlessBilling',
       'PaymentMethod', 'MonthlyCharges', 'TotalCharges', 'Sim'],
      dtype='object')
2026-04-06 10:59:36,754 - INFO - Before replacing Test column shape Index(['customerID', 'gender', 'SeniorCitizen', 'Partner', 'Dependents',
       'tenure', 'PhoneService', 'MultipleLines', 'InternetService',
       'OnlineSecurity', 'OnlineBackup', 'DeviceProtection', 'TechSupport',
       'StreamingTV', 'StreamingMovies', 'Contract', 'PaperlessBilling',
       'PaymentMethod', 'MonthlyCharges', 'TotalCharges', 'Sim'],
      dtype='object')
2026-04-06 10:59:36,769 - INFO - After replacing Train null values : customerID          0
gender              0
SeniorCitizen       0
Partner             0
Dependents          0
tenure              0
PhoneService        0
MultipleLines       0
InternetService     0
OnlineSecurity      0
OnlineBackup        0
DeviceProtection    0
TechSupport         0
StreamingTV         0
StreamingMovies     0
Contract            0
PaperlessBilling    0
PaymentMethod       0
MonthlyCharges      0
Sim                 0
TotalCharges_rep    0
dtype: int64
2026-04-06 10:59:36,771 - INFO - After replacing Test null values : customerID          0
gender              0
SeniorCitizen       0
Partner             0
Dependents          0
tenure              0
PhoneService        0
MultipleLines       0
InternetService     0
OnlineSecurity      0
OnlineBackup        0
DeviceProtection    0
TechSupport         0
StreamingTV         0
StreamingMovies     0
Contract            0
PaperlessBilling    0
PaymentMethod       0
MonthlyCharges      0
Sim                 0
TotalCharges_rep    0
dtype: int64
2026-04-06 10:59:36,771 - INFO - After replacing Train column shape (5634, 21)
2026-04-06 10:59:36,771 - INFO - After replacing Train column shape Index(['customerID', 'gender', 'SeniorCitizen', 'Partner', 'Dependents',
       'tenure', 'PhoneService', 'MultipleLines', 'InternetService',
       'OnlineSecurity', 'OnlineBackup', 'DeviceProtection', 'TechSupport',
       'StreamingTV', 'StreamingMovies', 'Contract', 'PaperlessBilling',
       'PaymentMethod', 'MonthlyCharges', 'Sim', 'TotalCharges_rep'],
      dtype='object')
2026-04-06 10:59:36,771 - INFO - After replacing Test column shape Index(['customerID', 'gender', 'SeniorCitizen', 'Partner', 'Dependents',
       'tenure', 'PhoneService', 'MultipleLines', 'InternetService',
       'OnlineSecurity', 'OnlineBackup', 'DeviceProtection', 'TechSupport',
       'StreamingTV', 'StreamingMovies', 'Contract', 'PaperlessBilling',
       'PaymentMethod', 'MonthlyCharges', 'Sim', 'TotalCharges_rep'],
      dtype='object')
